{
"src\\app\\app.component.ts":{"path":"src\\app\\app.component.ts","statementMap":{"1":{"start":{"line":2,"column":0},"end":{"line":2,"column":42}},"2":{"start":{"line":11,"column":0},"end":{"line":13,"column":1}},"3":{"start":{"line":12,"column":2},"end":{"line":12,"column":17}},"4":{"start":{"line":5,"column":0},"end":{"line":10,"column":2}},"5":{"start":{"line":13,"column":0},"end":{"line":13,"column":1}},"6":{"start":{"line":11,"column":13},"end":{"line":13,"column":1}}},"fnMap":{"1":{"name":"(anonymous_1)","line":11,"loc":{"start":{"line":11,"column":0},"end":{"line":null,"column":-1}}}},"branchMap":{},"s":{"1":1,"2":2,"3":1,"4":1,"5":1,"6":1},"b":{},"f":{"1":2},"l":{"2":1,"5":1,"11":2,"12":1,"13":1}}}
